[18Dec2024 01:12:26.648] [main/INFO] [cpw.mods.modlauncher.Launcher/MODLAUNCHER]: ModLauncher running: args [--launchTarget, forgeclientuserdev, --version, 21.1.84, --assetIndex, asset-index, --assetsDir, C:\\Users\\Mrbysco\\.gradle\\caches\\minecraft\\assets, --gameDir, ., --fml.neoForgeVersion, 21.1.84, --fml.fmlVersion, 4.0.34, --fml.mcVersion, 1.21.1, --fml.neoFormVersion, 20240808.144430]
[18Dec2024 01:12:26.651] [main/INFO] [cpw.mods.modlauncher.Launcher/MODLAUNCHER]: JVM identified as Amazon.com Inc. OpenJDK 64-Bit Server VM 21.0.4+7-LTS
[18Dec2024 01:12:26.652] [main/INFO] [cpw.mods.modlauncher.Launcher/MODLAUNCHER]: ModLauncher 11.0.4+main.d2e20e43 starting: java version 21.0.4 by Amazon.com Inc.; OS Windows 10 arch amd64 version 10.0
[18Dec2024 01:12:26.754] [main/INFO] [net.neoforged.fml.loading.ImmediateWindowHandler/]: Loading ImmediateWindowProvider fmlearlywindow
[18Dec2024 01:12:26.836] [main/INFO] [EARLYDISPLAY/]: Trying GL version 4.6
[18Dec2024 01:12:26.965] [main/INFO] [EARLYDISPLAY/]: Requested GL version 4.6 got version 4.6
[18Dec2024 01:12:27.039] [main/INFO] [mixin/]: SpongePowered MIXIN Subsystem Version=0.8.7 Source=union:/C:/Users/Mrbysco/.gradle/caches/modules-2/files-2.1/net.fabricmc/sponge-mixin/0.15.2+mixin.0.8.7/2af2f021d8e02a0220dc27a7a72b4666d66d44ca/sponge-mixin-0.15.2+mixin.0.8.7.jar%23135!/ Service=ModLauncher Env=CLIENT
[18Dec2024 01:12:27.232] [main/INFO] [net.neoforged.fml.loading.moddiscovery.ModDiscoverer/SCAN]: Found mod file "neoforge-21.1.84.jar" [locator: neoforge devenv provider ([D:\Development\GenerikMobs\.gradle\repositories\ng_dummy_ng\net\neoforged\neoforge\21.1.84\neoforge-21.1.84.jar])]
[18Dec2024 01:12:27.251] [main/INFO] [net.neoforged.fml.loading.moddiscovery.ModDiscoverer/SCAN]: Found mod file "neoforge-21.1.84.jar" [locator: neoforge devenv provider ([D:\Development\GenerikMobs\.gradle\repositories\ng_dummy_ng\net\neoforged\neoforge\21.1.84\neoforge-21.1.84.jar])]
[18Dec2024 01:12:27.263] [main/INFO] [net.neoforged.fml.loading.moddiscovery.ModDiscoverer/SCAN]: Found mod file "main" [locator: userdev mods and services, reader: mod manifest]
[18Dec2024 01:12:27.274] [main/INFO] [net.neoforged.fml.loading.moddiscovery.ModDiscoverer/SCAN]: Found mod file "neoforge-21.1.84.jar" [locator: userdev mods and services, reader: mod manifest]
[18Dec2024 01:12:27.278] [pool-2-thread-1/INFO] [EARLYDISPLAY/]: GL info: NVIDIA GeForce RTX 3080/PCIe/SSE2 GL version 4.6.0 NVIDIA 566.03, NVIDIA Corporation
[18Dec2024 01:12:27.278] [main/INFO] [net.neoforged.fml.loading.moddiscovery.ModDiscoverer/SCAN]: Found mod file "jei-1.21.1-neoforge-19.21.0.247.jar" [locator: userdev mods and services, reader: mod manifest]
[18Dec2024 01:12:27.336] [main/INFO] [net.neoforged.fml.loading.moddiscovery.ModDiscoverer/SCAN]: Found gamelibrary file "mixinextras-neoforge-0.4.1.jar" [locator: userdev mods and services, reader: mod manifest]
[18Dec2024 01:12:27.425] [main/WARN] [net.neoforged.jarjar.selection.JarSelector/]: Attempted to select a dependency jar for JarJar which was passed in as source: library:mixinextras.neoforge. Using Mod File: C:\Users\Mrbysco\.gradle\caches\modules-2\files-2.1\io.github.llamalad7\mixinextras-neoforge\0.4.1\eff97772ecd0dcf8e52cdbafd3b3ccec425f8314\mixinextras-neoforge-0.4.1.jar
[18Dec2024 01:12:27.425] [main/INFO] [net.neoforged.fml.loading.moddiscovery.locators.JarInJarDependencyLocator/]: Found 1 dependencies adding them to mods collection
[18Dec2024 01:12:27.425] [main/INFO] [net.neoforged.fml.loading.moddiscovery.ModDiscoverer/SCAN]: Found library file "neoforge-coremods-21.1.84.jar" [parent: neoforge-21.1.84.jar, locator: jarinjar, reader: mod manifest]
[18Dec2024 01:12:27.426] [main/INFO] [net.neoforged.fml.loading.moddiscovery.ModDiscoverer/]: 
     Mod List:
		Name Version (Mod Id)

		Generik Mobs 0.0NONE (generikmobs)
		Just Enough Items 19.21.0.247 (jei)
		Minecraft 1.21.1 (minecraft)
		NeoForge 21.1.84 (neoforge)
[18Dec2024 01:12:27.933] [main/INFO] [cpw.mods.modlauncher.LaunchServiceHandler/MODLAUNCHER]: Launching target 'forgeclientuserdev' with arguments [--version, 21.1.84, --gameDir, ., --assetsDir, C:\Users\Mrbysco\.gradle\caches\minecraft\assets, --assetIndex, asset-index]
[18Dec2024 01:12:29.183] [Datafixer Bootstrap/INFO] [com.mojang.datafixers.DataFixerBuilder/]: 229 Datafixer optimizations took 264 milliseconds
[18Dec2024 01:12:29.390] [pool-8-thread-1/INFO] [MixinExtras|Service/]: Initializing MixinExtras via com.llamalad7.mixinextras.service.MixinExtrasServiceImpl(version=0.4.1).
[18Dec2024 01:12:33.065] [main/WARN] [net.minecraft.commands.Commands/]: Ambiguity between arguments [teleport, location] and [teleport, destination] with inputs: [0.1 -0.5 .9, 0 0 0]
[18Dec2024 01:12:33.066] [main/WARN] [net.minecraft.commands.Commands/]: Ambiguity between arguments [teleport, location] and [teleport, targets] with inputs: [0.1 -0.5 .9, 0 0 0]
[18Dec2024 01:12:33.068] [main/WARN] [net.minecraft.commands.Commands/]: Ambiguity between arguments [teleport, destination] and [teleport, targets] with inputs: [Player, 0123, @e, dd12be42-52a9-4a91-a8a1-11c01849e498]
[18Dec2024 01:12:33.069] [main/WARN] [net.minecraft.commands.Commands/]: Ambiguity between arguments [teleport, targets] and [teleport, destination] with inputs: [Player, 0123, dd12be42-52a9-4a91-a8a1-11c01849e498]
[18Dec2024 01:12:33.069] [main/WARN] [net.minecraft.commands.Commands/]: Ambiguity between arguments [teleport, targets, location] and [teleport, targets, destination] with inputs: [0.1 -0.5 .9, 0 0 0]
[18Dec2024 01:12:33.163] [Render thread/WARN] [net.minecraft.server.packs.VanillaPackResourcesBuilder/]: Assets URL 'union:/D:/Development/GenerikMobs/.gradle/repositories/ng_dummy_ng/net/neoforged/neoforge/21.1.84/neoforge-21.1.84.jar%23189!/assets/.mcassetsroot' uses unexpected schema
[18Dec2024 01:12:33.163] [Render thread/WARN] [net.minecraft.server.packs.VanillaPackResourcesBuilder/]: Assets URL 'union:/D:/Development/GenerikMobs/.gradle/repositories/ng_dummy_ng/net/neoforged/neoforge/21.1.84/neoforge-21.1.84.jar%23189!/data/.mcassetsroot' uses unexpected schema
[18Dec2024 01:12:33.182] [Render thread/INFO] [com.mojang.authlib.yggdrasil.YggdrasilAuthenticationService/]: Environment: Environment[sessionHost=https://sessionserver.mojang.com, servicesHost=https://api.minecraftservices.com, name=PROD]
[18Dec2024 01:12:33.188] [Render thread/INFO] [net.minecraft.client.Minecraft/]: Setting user: Dev
[18Dec2024 01:12:33.246] [Render thread/INFO] [net.minecraft.client.Minecraft/]: Backend library: LWJGL version 3.3.3+5
[18Dec2024 01:12:33.445] [modloading-worker-0/INFO] [net.neoforged.neoforge.common.NeoForgeMod/NEOFORGE-MOD]: NeoForge mod loading, version 21.1.84, for MC 1.21.1
[18Dec2024 01:12:33.504] [modloading-worker-0/INFO] [mezz.jei.library.load.PluginCaller/]: Sending ConfigManager...
[18Dec2024 01:12:33.507] [modloading-worker-0/INFO] [mezz.jei.library.load.PluginCaller/]: Sending ConfigManager took 1.901 ms
[18Dec2024 01:12:33.986] [Render thread/INFO] [net.neoforged.neoforge.gametest.GameTestHooks/]: Enabled Gametest Namespaces: []
[18Dec2024 01:12:34.163] [Render thread/INFO] [net.minecraft.server.packs.resources.ReloadableResourceManager/]: Reloading ResourceManager: vanilla, mod_resources, mod/generikmobs, mod/neoforge, mod/jei
[18Dec2024 01:12:34.239] [Worker-Main-2/INFO] [net.minecraft.client.gui.font.providers.UnihexProvider/]: Found unifont_all_no_pua-15.1.05.hex, loading
[18Dec2024 01:12:34.255] [Worker-Main-10/INFO] [net.minecraft.client.gui.font.providers.UnihexProvider/]: Found unifont_jp_patch-15.1.05.hex, loading
[18Dec2024 01:12:34.794] [Worker-Main-20/WARN] [net.minecraft.client.resources.model.ModelBakery/]: Unable to load model: 'minecraft:slime_puddle' referenced from: generikmobs:block/slime_puddle: java.io.FileNotFoundException: minecraft:models/slime_puddle.json
[18Dec2024 01:12:35.379] [Render thread/WARN] [net.minecraft.client.sounds.SoundEngine/]: Missing sound for event: minecraft:item.goat_horn.play
[18Dec2024 01:12:35.380] [Render thread/WARN] [net.minecraft.client.sounds.SoundEngine/]: Missing sound for event: minecraft:entity.goat.screaming.horn_break
[18Dec2024 01:12:35.408] [Render thread/INFO] [com.mojang.blaze3d.audio.Library/]: OpenAL initialized on device OpenAL Soft on Wave Link System (Elgato Wave:3)
[18Dec2024 01:12:35.409] [Render thread/INFO] [net.minecraft.client.sounds.SoundEngine/SOUNDS]: Sound engine started
[18Dec2024 01:12:35.491] [Render thread/INFO] [net.minecraft.client.renderer.texture.TextureAtlas/]: Created: 1024x512x4 minecraft:textures/atlas/blocks.png-atlas
[18Dec2024 01:12:35.499] [Render thread/INFO] [net.minecraft.client.renderer.texture.TextureAtlas/]: Created: 256x256x4 minecraft:textures/atlas/signs.png-atlas
[18Dec2024 01:12:35.499] [Render thread/INFO] [net.minecraft.client.renderer.texture.TextureAtlas/]: Created: 512x512x4 minecraft:textures/atlas/shield_patterns.png-atlas
[18Dec2024 01:12:35.500] [Render thread/INFO] [net.minecraft.client.renderer.texture.TextureAtlas/]: Created: 512x512x4 minecraft:textures/atlas/banner_patterns.png-atlas
[18Dec2024 01:12:35.500] [Render thread/INFO] [net.minecraft.client.renderer.texture.TextureAtlas/]: Created: 1024x1024x4 minecraft:textures/atlas/armor_trims.png-atlas
[18Dec2024 01:12:35.503] [Render thread/INFO] [net.minecraft.client.renderer.texture.TextureAtlas/]: Created: 256x256x4 minecraft:textures/atlas/chest.png-atlas
[18Dec2024 01:12:35.503] [Render thread/INFO] [net.minecraft.client.renderer.texture.TextureAtlas/]: Created: 128x64x4 minecraft:textures/atlas/decorated_pot.png-atlas
[18Dec2024 01:12:35.503] [Render thread/INFO] [net.minecraft.client.renderer.texture.TextureAtlas/]: Created: 512x256x4 minecraft:textures/atlas/beds.png-atlas
[18Dec2024 01:12:35.503] [Render thread/INFO] [net.minecraft.client.renderer.texture.TextureAtlas/]: Created: 512x256x4 minecraft:textures/atlas/shulker_boxes.png-atlas
[18Dec2024 01:12:35.573] [Render thread/INFO] [net.minecraft.client.renderer.texture.TextureAtlas/]: Created: 512x256x0 minecraft:textures/atlas/particles.png-atlas
[18Dec2024 01:12:35.575] [Render thread/INFO] [net.minecraft.client.renderer.texture.TextureAtlas/]: Created: 512x256x0 minecraft:textures/atlas/paintings.png-atlas
[18Dec2024 01:12:35.575] [Render thread/INFO] [net.minecraft.client.renderer.texture.TextureAtlas/]: Created: 256x128x0 minecraft:textures/atlas/mob_effects.png-atlas
[18Dec2024 01:12:35.575] [Render thread/INFO] [net.minecraft.client.renderer.texture.TextureAtlas/]: Created: 64x64x0 minecraft:textures/atlas/map_decorations.png-atlas
[18Dec2024 01:12:35.575] [Render thread/INFO] [net.minecraft.client.renderer.texture.TextureAtlas/]: Created: 1024x512x0 minecraft:textures/atlas/gui.png-atlas
[18Dec2024 01:12:35.612] [Render thread/WARN] [net.minecraft.client.renderer.ShaderInstance/]: Shader rendertype_entity_translucent_emissive could not find sampler named Sampler2 in the specified shader program.
[18Dec2024 01:12:35.667] [Render thread/INFO] [net.neoforged.neoforge.client.entity.animation.json.AnimationLoader/]: Loaded 0 entity animations
[18Dec2024 01:12:35.667] [Render thread/INFO] [net.minecraft.client.renderer.texture.TextureAtlas/]: Created: 256x256x0 jei:textures/atlas/gui.png-atlas
[18Dec2024 01:12:39.529] [Render thread/INFO] [net.minecraft.world.item.crafting.RecipeManager/]: Loaded 1290 recipes
[18Dec2024 01:12:39.677] [Render thread/INFO] [net.minecraft.advancements.AdvancementTree/]: Loaded 1399 advancements
[18Dec2024 01:12:40.014] [Render thread/INFO] [mezz.jei.neoforge.startup.StartEventObserver/]: JEI StartEventObserver received class net.neoforged.neoforge.event.TagsUpdatedEvent too early, ignoring
[18Dec2024 01:12:40.088] [Server thread/INFO] [net.minecraft.client.server.IntegratedServer/]: Starting integrated minecraft server version 1.21.1
[18Dec2024 01:12:40.088] [Server thread/INFO] [net.minecraft.server.MinecraftServer/]: Generating keypair
[18Dec2024 01:12:40.787] [Server thread/INFO] [net.minecraft.server.MinecraftServer/]: Preparing start region for dimension minecraft:overworld
[18Dec2024 01:12:40.987] [progressListener/INFO] [net.minecraft.server.level.progress.LoggerChunkProgressListener/]: Preparing spawn area: 0%
[18Dec2024 01:12:41.042] [Server thread/INFO] [net.neoforged.neoforge.server.permission.PermissionAPI/]: Successfully initialized permission handler neoforge:default_handler
[18Dec2024 01:12:41.045] [progressListener/INFO] [net.minecraft.server.level.progress.LoggerChunkProgressListener/]: Time elapsed: 237 ms
[18Dec2024 01:12:41.103] [Server thread/INFO] [net.minecraft.client.server.IntegratedServer/]: Changing view distance to 12, from 10
[18Dec2024 01:12:41.103] [Server thread/INFO] [net.minecraft.client.server.IntegratedServer/]: Changing simulation distance to 12, from 0
[18Dec2024 01:12:41.594] [Render thread/INFO] [mezz.jei.neoforge.startup.StartEventObserver/]: JEI StartEventObserver received class net.neoforged.neoforge.event.TagsUpdatedEvent
[18Dec2024 01:12:41.736] [Server thread/INFO] [net.minecraft.server.players.PlayerList/]: Dev[local:E:1d84c873] logged in with entity id 1 at (-73.94602820431001, 63.196044024465195, -132.8408887264286)
[18Dec2024 01:12:41.777] [Server thread/INFO] [net.minecraft.server.MinecraftServer/]: Dev joined the game
[18Dec2024 01:12:42.032] [Render thread/INFO] [mezz.jei.neoforge.startup.StartEventObserver/]: JEI StartEventObserver received class net.neoforged.neoforge.client.event.RecipesUpdatedEvent
[18Dec2024 01:12:42.032] [Render thread/INFO] [mezz.jei.neoforge.startup.StartEventObserver/]: JEI StartEventObserver transitioning state from LISTENING to JEI_STARTED
[18Dec2024 01:12:42.033] [Render thread/INFO] [mezz.jei.core.util.LoggedTimer/]: Starting JEI...
[18Dec2024 01:12:42.041] [Render thread/INFO] [mezz.jei.library.load.PluginCaller/]: Registering item subtypes...
[18Dec2024 01:12:42.046] [Render thread/INFO] [mezz.jei.library.load.PluginCaller/]: Registering item subtypes took 5.476 ms
[18Dec2024 01:12:42.047] [Render thread/INFO] [mezz.jei.library.load.PluginCaller/]: Registering fluid subtypes...
[18Dec2024 01:12:42.049] [Render thread/INFO] [mezz.jei.library.load.PluginCaller/]: Registering fluid subtypes took 2.024 ms
[18Dec2024 01:12:42.051] [Render thread/INFO] [mezz.jei.library.load.PluginCaller/]: Registering ingredients...
[18Dec2024 01:12:42.132] [Render thread/WARN] [mezz.jei.library.plugins.vanilla.ingredients.ItemStackListFactory/]: Item Group has no display items and no search tab display items. Items from this group will be missing from the JEI ingredient list. Operator Utilities
[18Dec2024 01:12:42.163] [Render thread/INFO] [mezz.jei.library.load.PluginCallerTimerRunnable/]: Registering ingredients: jei:minecraft took 110.8 milliseconds
[18Dec2024 01:12:42.163] [Render thread/INFO] [mezz.jei.library.load.PluginCaller/]: Registering ingredients took 111.7 ms
[18Dec2024 01:12:42.164] [Render thread/INFO] [mezz.jei.library.load.PluginCaller/]: Registering extra ingredients...
[18Dec2024 01:12:42.166] [Render thread/INFO] [mezz.jei.library.load.PluginCaller/]: Registering extra ingredients took 1.707 ms
[18Dec2024 01:12:42.166] [Render thread/INFO] [mezz.jei.library.load.PluginCaller/]: Registering search ingredient aliases...
[18Dec2024 01:12:42.167] [Render thread/INFO] [mezz.jei.library.load.PluginCaller/]: Registering search ingredient aliases took 1.055 ms
[18Dec2024 01:12:42.183] [Render thread/INFO] [mezz.jei.library.load.PluginCaller/]: Registering Mod Info...
[18Dec2024 01:12:42.184] [Render thread/INFO] [mezz.jei.library.load.PluginCaller/]: Registering Mod Info took 741.9 μs
[18Dec2024 01:12:42.200] [Render thread/INFO] [mezz.jei.library.load.PluginCaller/]: Registering categories...
[18Dec2024 01:12:42.215] [Render thread/INFO] [mezz.jei.library.load.PluginCallerTimerRunnable/]: Registering categories: jei:minecraft took 13.56 milliseconds
[18Dec2024 01:12:42.220] [Render thread/INFO] [mezz.jei.library.load.PluginCaller/]: Registering categories took 19.59 ms
[18Dec2024 01:12:42.221] [Render thread/INFO] [mezz.jei.library.load.PluginCaller/]: Registering vanilla category extensions...
[18Dec2024 01:12:42.224] [Render thread/INFO] [mezz.jei.library.load.PluginCaller/]: Registering vanilla category extensions took 2.913 ms
[18Dec2024 01:12:42.225] [Render thread/INFO] [mezz.jei.library.load.PluginCaller/]: Registering recipe catalysts...
[18Dec2024 01:12:42.228] [Render thread/INFO] [mezz.jei.library.load.PluginCaller/]: Registering recipe catalysts took 1.253 ms
[18Dec2024 01:12:42.228] [Render thread/INFO] [mezz.jei.core.util.LoggedTimer/]: Building recipe registry...
[18Dec2024 01:12:42.238] [Render thread/INFO] [mezz.jei.core.util.LoggedTimer/]: Building recipe registry took 9.631 ms
[18Dec2024 01:12:42.239] [Render thread/INFO] [mezz.jei.library.load.PluginCaller/]: Registering advanced plugins...
[18Dec2024 01:12:42.240] [Render thread/INFO] [mezz.jei.library.load.PluginCaller/]: Registering advanced plugins took 472.2 μs
[18Dec2024 01:12:42.241] [Render thread/INFO] [mezz.jei.library.load.PluginCaller/]: Registering recipes...
[18Dec2024 01:12:42.364] [Render thread/INFO] [mezz.jei.library.load.PluginCallerTimerRunnable/]: Registering recipes: jei:minecraft took 123.3 milliseconds
[18Dec2024 01:12:42.398] [Render thread/INFO] [mezz.jei.library.load.PluginCallerTimerRunnable/]: Registering recipes: jei:internal took 33.91 milliseconds
[18Dec2024 01:12:42.398] [Render thread/INFO] [mezz.jei.library.load.PluginCaller/]: Registering recipes took 158.2 ms
[18Dec2024 01:12:42.403] [Render thread/INFO] [mezz.jei.library.load.PluginCaller/]: Registering recipes transfer handlers...
[18Dec2024 01:12:42.406] [Render thread/INFO] [mezz.jei.library.load.PluginCaller/]: Registering recipes transfer handlers took 2.625 ms
[18Dec2024 01:12:42.413] [Render thread/INFO] [mezz.jei.core.util.LoggedTimer/]: Building runtime...
[18Dec2024 01:12:42.417] [Render thread/INFO] [mezz.jei.library.load.PluginCaller/]: Registering gui handlers...
[18Dec2024 01:12:42.427] [Render thread/INFO] [mezz.jei.library.load.PluginCaller/]: Registering gui handlers took 9.521 ms
[18Dec2024 01:12:42.430] [Render thread/INFO] [mezz.jei.library.load.PluginCaller/]: Registering Runtime...
[18Dec2024 01:12:42.431] [Render thread/INFO] [mezz.jei.gui.startup.JeiGuiStarter/]: Starting JEI GUI
[18Dec2024 01:12:42.432] [Render thread/INFO] [mezz.jei.core.util.LoggedTimer/]: Building ingredient list...
[18Dec2024 01:12:42.452] [Render thread/INFO] [mezz.jei.core.util.LoggedTimer/]: Building ingredient list took 19.86 ms
[18Dec2024 01:12:42.452] [Render thread/INFO] [mezz.jei.core.util.LoggedTimer/]: Building ingredient filter...
[18Dec2024 01:12:42.482] [Render thread/INFO] [mezz.jei.gui.ingredients.IngredientFilter/]: Adding 1688 ingredients
[18Dec2024 01:12:42.639] [Render thread/INFO] [mezz.jei.gui.ingredients.IngredientFilter/]: Added 1688 ingredients
[18Dec2024 01:12:42.640] [Render thread/INFO] [mezz.jei.core.util.LoggedTimer/]: Building ingredient filter took 188.3 ms
[18Dec2024 01:12:42.698] [Render thread/INFO] [mezz.jei.library.load.PluginCallerTimerRunnable/]: Registering Runtime: jei:neoforge_gui took 268.4 milliseconds
[18Dec2024 01:12:42.699] [Render thread/INFO] [mezz.jei.library.load.PluginCaller/]: Registering Runtime took 269.4 ms
[18Dec2024 01:12:42.699] [Render thread/INFO] [mezz.jei.core.util.LoggedTimer/]: Building runtime took 286.4 ms
[18Dec2024 01:12:42.700] [Render thread/INFO] [mezz.jei.library.load.PluginCaller/]: Sending Runtime...
[18Dec2024 01:12:42.700] [Render thread/INFO] [mezz.jei.library.load.PluginCaller/]: Sending Runtime took 636.1 μs
[18Dec2024 01:12:42.701] [Render thread/INFO] [mezz.jei.core.util.LoggedTimer/]: Starting JEI took 667.4 ms
[18Dec2024 01:12:42.713] [Render thread/INFO] [net.minecraft.advancements.AdvancementTree/]: Loaded 2 advancements
[18Dec2024 01:12:43.244] [Server thread/INFO] [net.minecraft.client.server.IntegratedServer/]: Saving and pausing game...
[18Dec2024 01:12:43.278] [Server thread/INFO] [net.minecraft.server.MinecraftServer/]: Saving chunks for level 'ServerLevel[1.21.1]'/minecraft:overworld
[18Dec2024 01:12:43.367] [Server thread/INFO] [net.minecraft.server.MinecraftServer/]: Saving chunks for level 'ServerLevel[1.21.1]'/minecraft:the_end
[18Dec2024 01:12:43.380] [Server thread/INFO] [net.minecraft.server.MinecraftServer/]: Saving chunks for level 'ServerLevel[1.21.1]'/minecraft:the_nether
[18Dec2024 01:12:46.869] [Server thread/INFO] [net.minecraft.server.MinecraftServer/]: [Dev: Killed 195 entities]
[18Dec2024 01:12:46.881] [Render thread/INFO] [net.minecraft.client.gui.components.ChatComponent/]: [System] [CHAT] Killed 195 entities
[18Dec2024 01:12:51.020] [Server thread/INFO] [net.minecraft.server.MinecraftServer/]: [Dev: Summoned new Chet]
[18Dec2024 01:12:51.029] [Render thread/INFO] [net.minecraft.client.gui.components.ChatComponent/]: [System] [CHAT] Summoned new Chet
[18Dec2024 01:12:57.194] [Server thread/INFO] [net.minecraft.client.server.IntegratedServer/]: Saving and pausing game...
[18Dec2024 01:12:57.200] [Server thread/INFO] [net.minecraft.server.MinecraftServer/]: Saving chunks for level 'ServerLevel[1.21.1]'/minecraft:overworld
[18Dec2024 01:12:57.214] [Server thread/INFO] [net.minecraft.server.MinecraftServer/]: Saving chunks for level 'ServerLevel[1.21.1]'/minecraft:the_end
[18Dec2024 01:12:57.219] [Server thread/INFO] [net.minecraft.server.MinecraftServer/]: Saving chunks for level 'ServerLevel[1.21.1]'/minecraft:the_nether
[18Dec2024 01:14:13.786] [Server thread/INFO] [net.minecraft.server.MinecraftServer/]: [Dev: Summoned new Booger Eater]
[18Dec2024 01:14:13.795] [Render thread/INFO] [net.minecraft.client.gui.components.ChatComponent/]: [System] [CHAT] Summoned new Booger Eater
[18Dec2024 01:14:16.878] [Server thread/INFO] [net.minecraft.server.MinecraftServer/]: [Dev: Summoned new Chet]
[18Dec2024 01:14:16.887] [Render thread/INFO] [net.minecraft.client.gui.components.ChatComponent/]: [System] [CHAT] Summoned new Chet
[18Dec2024 01:14:20.390] [Server thread/INFO] [net.minecraft.server.MinecraftServer/]: [Dev: Summoned new Booger]
[18Dec2024 01:14:20.395] [Render thread/INFO] [net.minecraft.client.gui.components.ChatComponent/]: [System] [CHAT] Summoned new Booger
[18Dec2024 01:14:23.495] [Server thread/INFO] [net.minecraft.client.server.IntegratedServer/]: Saving and pausing game...
[18Dec2024 01:14:23.501] [Server thread/INFO] [net.minecraft.server.MinecraftServer/]: Saving chunks for level 'ServerLevel[1.21.1]'/minecraft:overworld
[18Dec2024 01:14:23.510] [Server thread/INFO] [net.minecraft.server.MinecraftServer/]: Saving chunks for level 'ServerLevel[1.21.1]'/minecraft:the_end
[18Dec2024 01:14:23.514] [Server thread/INFO] [net.minecraft.server.MinecraftServer/]: Saving chunks for level 'ServerLevel[1.21.1]'/minecraft:the_nether
[18Dec2024 01:14:26.570] [Render thread/INFO] [net.minecraft.client.Minecraft/]: Stopping!
[18Dec2024 01:14:26.573] [Render thread/INFO] [mezz.jei.neoforge.startup.StartEventObserver/]: JEI StartEventObserver received class net.neoforged.neoforge.client.event.ClientPlayerNetworkEvent$LoggingOut
[18Dec2024 01:14:26.573] [Render thread/INFO] [mezz.jei.neoforge.startup.StartEventObserver/]: JEI StartEventObserver transitioning state from JEI_STARTED to LISTENING
[18Dec2024 01:14:26.573] [Render thread/INFO] [mezz.jei.library.startup.JeiStarter/]: Stopping JEI
[18Dec2024 01:14:26.573] [Render thread/INFO] [mezz.jei.library.load.PluginCaller/]: Sending Runtime Unavailable...
[18Dec2024 01:14:26.574] [Render thread/INFO] [mezz.jei.neoforge.plugins.neoforge.NeoForgeGuiPlugin/]: Stopping JEI GUI
[18Dec2024 01:14:26.576] [Render thread/INFO] [mezz.jei.library.load.PluginCaller/]: Sending Runtime Unavailable took 2.492 ms
[18Dec2024 01:14:26.602] [Server thread/INFO] [net.minecraft.server.network.ServerGamePacketListenerImpl/]: Dev lost connection: Disconnected
[18Dec2024 01:14:26.602] [Server thread/INFO] [net.minecraft.server.MinecraftServer/]: Dev left the game
[18Dec2024 01:14:26.607] [Server thread/INFO] [net.minecraft.server.network.ServerCommonPacketListenerImpl/]: Stopping singleplayer server as player logged out
[18Dec2024 01:14:26.648] [Server thread/INFO] [net.minecraft.server.MinecraftServer/]: Stopping server
[18Dec2024 01:14:26.648] [Server thread/INFO] [net.minecraft.server.MinecraftServer/]: Saving players
[18Dec2024 01:14:26.648] [Server thread/INFO] [net.minecraft.server.MinecraftServer/]: Saving worlds
[18Dec2024 01:14:26.972] [Server thread/INFO] [net.minecraft.server.MinecraftServer/]: Saving chunks for level 'ServerLevel[1.21.1]'/minecraft:overworld
[18Dec2024 01:14:27.011] [Server thread/INFO] [net.minecraft.server.MinecraftServer/]: Saving chunks for level 'ServerLevel[1.21.1]'/minecraft:the_end
[18Dec2024 01:14:27.013] [Server thread/INFO] [net.minecraft.server.MinecraftServer/]: Saving chunks for level 'ServerLevel[1.21.1]'/minecraft:the_nether
[18Dec2024 01:14:27.019] [Server thread/INFO] [net.minecraft.server.MinecraftServer/]: ThreadedAnvilChunkStorage (1_21_1): All chunks are saved
[18Dec2024 01:14:27.019] [Server thread/INFO] [net.minecraft.server.MinecraftServer/]: ThreadedAnvilChunkStorage (DIM1): All chunks are saved
[18Dec2024 01:14:27.020] [Server thread/INFO] [net.minecraft.server.MinecraftServer/]: ThreadedAnvilChunkStorage (DIM-1): All chunks are saved
[18Dec2024 01:14:27.020] [Server thread/INFO] [net.minecraft.server.MinecraftServer/]: ThreadedAnvilChunkStorage: All dimensions are saved
